<?xml version="1.0" encoding="UTF-8"?>
<!-- Generated by org.testng.reporters.JUnitReportReporter -->
<testsuite skipped="0" hostname="LAPTOP-BD4H2O2S" name="com.realmadrid.com.test.CNN" tests="1" failures="0" timestamp="01 Jan 2019 04:54:25 GMT" time="52.055" errors="0">
  <testcase name="test123" time="52.055" classname="com.realmadrid.com.test.CNN"/>
</testsuite> <!-- com.realmadrid.com.test.CNN -->
