<?xml version="1.0" encoding="UTF-8"?>
<!-- Generated by org.testng.reporters.JUnitReportReporter -->
<testsuite skipped="0" hostname="LAPTOP-BD4H2O2S" name="com.realmadrid.com.test.DemoTest" tests="2" failures="0" timestamp="01 Jan 2019 05:58:07 GMT" time="23.302" errors="0">
  <testcase name="googleTest" time="11.269" classname="com.realmadrid.com.test.DemoTest"/>
  <testcase name="gmailTest" time="12.033" classname="com.realmadrid.com.test.DemoTest"/>
</testsuite> <!-- com.realmadrid.com.test.DemoTest -->
