<?xml version="1.0" encoding="UTF-8"?>
<!-- Generated by org.testng.reporters.JUnitReportReporter -->
<testsuite skipped="0" hostname="LAPTOP-BD4H2O2S" name="com.realmadrid.com.test.CNNTest" tests="2" failures="0" timestamp="01 Jan 2019 05:58:07 GMT" time="38.376" errors="0">
  <testcase name="fbTest" time="14.910" classname="com.realmadrid.com.test.CNNTest"/>
  <testcase name="cnnTest" time="23.466" classname="com.realmadrid.com.test.CNNTest"/>
</testsuite> <!-- com.realmadrid.com.test.CNNTest -->
