<?xml version="1.0" encoding="UTF-8"?>
<!-- Generated by org.testng.reporters.JUnitReportReporter -->
<testsuite name="com.realmadrid.com.test.DemoTest" tests="2" time="25.840" ignored="0" failures="0" timestamp="01 Jan 2019 06:09:27 GMT" skipped="0" hostname="LAPTOP-BD4H2O2S" errors="0">
  <testcase name="gmailTest" time="12.781" classname="com.realmadrid.com.test.DemoTest"/>
  <testcase name="googleTest" time="13.059" classname="com.realmadrid.com.test.DemoTest"/>
</testsuite> <!-- com.realmadrid.com.test.DemoTest -->
