<?xml version="1.0" encoding="UTF-8"?>
<!-- Generated by org.testng.reporters.JUnitReportReporter -->
<testsuite name="com.realmadrid.com.test.CNNTest" tests="2" time="52.526" ignored="0" failures="0" timestamp="01 Jan 2019 06:09:27 GMT" skipped="0" hostname="LAPTOP-BD4H2O2S" errors="0">
  <testcase name="fbTest" time="14.100" classname="com.realmadrid.com.test.CNNTest"/>
  <testcase name="cnnTest" time="38.426" classname="com.realmadrid.com.test.CNNTest"/>
</testsuite> <!-- com.realmadrid.com.test.CNNTest -->
